<?xml version="1.0" encoding="UTF-8"?>
<!-- Generated by org.testng.reporters.JUnitReportReporter -->
<testsuite skipped="5" hostname="DESKTOP-6FUQGGU" name="testng_script.SF13_Testng_MutipleBrowser" tests="7" failures="0" timestamp="2020-10-24T16:41:04 IST" time="3.784" errors="2">
  <testcase name="browserInvoke" time="3.784" classname="testng_script.SF13_Testng_MutipleBrowser">
    <error type="java.lang.NoSuchMethodError" message="org.apache.commons.io.IOUtils.toString(Ljava/io/InputStream;Ljava/nio/charset/Charset;)Ljava/lang/String;">
      <![CDATA[java.lang.NoSuchMethodError: org.apache.commons.io.IOUtils.toString(Ljava/io/InputStream;Ljava/nio/charset/Charset;)Ljava/lang/String;
at io.github.bonigarcia.wdm.versions.Shell.runAndWaitNoLog(Shell.java:66)
at io.github.bonigarcia.wdm.versions.Shell.runAndWaitArray(Shell.java:55)
at io.github.bonigarcia.wdm.versions.Shell.runAndWait(Shell.java:49)
at io.github.bonigarcia.wdm.versions.VersionDetector.getBrowserVersionInWindows(VersionDetector.java:220)
at io.github.bonigarcia.wdm.versions.VersionDetector.getDefaultBrowserVersion(VersionDetector.java:180)
at io.github.bonigarcia.wdm.managers.ChromeDriverManager.getBrowserVersionFromTheShell(ChromeDriverManager.java:124)
at io.github.bonigarcia.wdm.WebDriverManager.detectBrowserVersion(WebDriverManager.java:718)
at io.github.bonigarcia.wdm.WebDriverManager.resolveDriverVersion(WebDriverManager.java:587)
at io.github.bonigarcia.wdm.WebDriverManager.manage(WebDriverManager.java:539)
at io.github.bonigarcia.wdm.WebDriverManager.setup(WebDriverManager.java:287)
at testng_script.SF13_Testng_MutipleBrowser.browserInvoke(SF13_Testng_MutipleBrowser.java:49)
at sun.reflect.NativeMethodAccessorImpl.invoke0(Native Method)
at sun.reflect.NativeMethodAccessorImpl.invoke(Unknown Source)
at sun.reflect.DelegatingMethodAccessorImpl.invoke(Unknown Source)
at java.lang.reflect.Method.invoke(Unknown Source)
at org.testng.internal.MethodInvocationHelper.invokeMethod(MethodInvocationHelper.java:133)
at org.testng.internal.MethodInvocationHelper.invokeMethodConsideringTimeout(MethodInvocationHelper.java:62)
at org.testng.internal.ConfigInvoker.invokeConfigurationMethod(ConfigInvoker.java:340)
at org.testng.internal.ConfigInvoker.invokeConfigurations(ConfigInvoker.java:294)
at org.testng.TestRunner.invokeTestConfigurations(TestRunner.java:623)
at org.testng.TestRunner.beforeRun(TestRunner.java:613)
at org.testng.TestRunner.run(TestRunner.java:584)
at org.testng.SuiteRunner.runTest(SuiteRunner.java:402)
at org.testng.SuiteRunner.runSequentially(SuiteRunner.java:396)
at org.testng.SuiteRunner.privateRun(SuiteRunner.java:355)
at org.testng.SuiteRunner.run(SuiteRunner.java:304)
at org.testng.SuiteRunnerWorker.runSuite(SuiteRunnerWorker.java:53)
at org.testng.SuiteRunnerWorker.run(SuiteRunnerWorker.java:96)
at org.testng.TestNG.runSuitesSequentially(TestNG.java:1180)
at org.testng.TestNG.runSuitesLocally(TestNG.java:1102)
at org.testng.TestNG.runSuites(TestNG.java:1032)
at org.testng.TestNG.run(TestNG.java:1000)
at org.testng.remote.AbstractRemoteTestNG.run(AbstractRemoteTestNG.java:115)
at org.testng.remote.RemoteTestNG.initAndRun(RemoteTestNG.java:251)
at org.testng.remote.RemoteTestNG.main(RemoteTestNG.java:77)
]]>
    </error>
  </testcase> <!-- browserInvoke -->
  <testcase name="changeBrowserSittings" time="0.000" classname="testng_script.SF13_Testng_MutipleBrowser">
    <skipped/>
  </testcase> <!-- changeBrowserSittings -->
  <testcase name="navigateURL" time="0.000" classname="testng_script.SF13_Testng_MutipleBrowser">
    <skipped/>
  </testcase> <!-- navigateURL -->
  <testcase name="login" time="0.000" classname="testng_script.SF13_Testng_MutipleBrowser">
    <error type="org.testng.TestNGException" message="
Method public static void testng_script.SF13_Testng_MutipleBrowser.login(java.lang.String,java.lang.String) requires a @DataProvider named : fetchdata">
      <![CDATA[org.testng.TestNGException: 
Method public static void testng_script.SF13_Testng_MutipleBrowser.login(java.lang.String,java.lang.String) requires a @DataProvider named : fetchdata
at org.testng.internal.Parameters.findDataProvider(Parameters.java:580)
at org.testng.internal.Parameters.handleParameters(Parameters.java:795)
at org.testng.internal.Parameters.handleParameters(Parameters.java:762)
at org.testng.internal.ParameterHandler.handleParameters(ParameterHandler.java:60)
at org.testng.internal.ParameterHandler.createParameters(ParameterHandler.java:39)
at org.testng.internal.TestInvoker$MethodInvocationAgent.invoke(TestInvoker.java:771)
at org.testng.internal.TestInvoker.invokeTestMethods(TestInvoker.java:145)
at org.testng.internal.TestMethodWorker.invokeTestMethods(TestMethodWorker.java:146)
at org.testng.internal.TestMethodWorker.run(TestMethodWorker.java:128)
at java.util.ArrayList.forEach(Unknown Source)
at org.testng.TestRunner.privateRun(TestRunner.java:770)
at org.testng.TestRunner.run(TestRunner.java:591)
at org.testng.SuiteRunner.runTest(SuiteRunner.java:402)
at org.testng.SuiteRunner.runSequentially(SuiteRunner.java:396)
at org.testng.SuiteRunner.privateRun(SuiteRunner.java:355)
at org.testng.SuiteRunner.run(SuiteRunner.java:304)
at org.testng.SuiteRunnerWorker.runSuite(SuiteRunnerWorker.java:53)
at org.testng.SuiteRunnerWorker.run(SuiteRunnerWorker.java:96)
at org.testng.TestNG.runSuitesSequentially(TestNG.java:1180)
at org.testng.TestNG.runSuitesLocally(TestNG.java:1102)
at org.testng.TestNG.runSuites(TestNG.java:1032)
at org.testng.TestNG.run(TestNG.java:1000)
at org.testng.remote.AbstractRemoteTestNG.run(AbstractRemoteTestNG.java:115)
at org.testng.remote.RemoteTestNG.initAndRun(RemoteTestNG.java:251)
at org.testng.remote.RemoteTestNG.main(RemoteTestNG.java:77)
]]>
    </error>
  </testcase> <!-- login -->
  <testcase name="sliding_displayed_Download_SalesForceA" time="0.000" classname="testng_script.SF13_Testng_MutipleBrowser">
    <skipped/>
  </testcase> <!-- sliding_displayed_Download_SalesForceA -->
  <testcase name="navigateNewWindow" time="0.000" classname="testng_script.SF13_Testng_MutipleBrowser">
    <skipped/>
  </testcase> <!-- navigateNewWindow -->
  <testcase name="GetUrlDisplayedAndVarifyLaunchUrl" time="0.000" classname="testng_script.SF13_Testng_MutipleBrowser">
    <skipped/>
  </testcase> <!-- GetUrlDisplayedAndVarifyLaunchUrl -->
</testsuite> <!-- testng_script.SF13_Testng_MutipleBrowser -->
